==23279== Memcheck, a memory error detector
==23279== Copyright (C) 2002-2017, and GNU GPL'd, by Julian Seward et al.
==23279== Using Valgrind-3.18.1 and LibVEX; rerun with -h for copyright info
==23279== Command: ./minishell
==23279== Parent PID: 23278
==23279== 
==23279== 
==23279== HEAP SUMMARY:
==23279==     in use at exit: 3,129 bytes in 70 blocks
==23279==   total heap usage: 189 allocs, 119 frees, 8,133 bytes allocated
==23279== 
==23279== 22 bytes in 1 blocks are still reachable in loss record 1 of 3
==23279==    at 0x4848899: malloc (in /usr/libexec/valgrind/vgpreload_memcheck-amd64-linux.so)
==23279==    by 0x4065F9: ft_strdup (in /home/rkost/Project/Rank03/minishell_collab/minishell)
==23279==    by 0x407B00: ft_arr_char_add (in /home/rkost/Project/Rank03/minishell_collab/minishell)
==23279==    by 0x4076C5: ft_arr_char_add_replace_n (in /home/rkost/Project/Rank03/minishell_collab/minishell)
==23279==    by 0x405A92: init_env_vars (in /home/rkost/Project/Rank03/minishell_collab/minishell)
==23279==    by 0x4012E1: main (in /home/rkost/Project/Rank03/minishell_collab/minishell)
==23279== 
==23279== 560 bytes in 1 blocks are still reachable in loss record 2 of 3
==23279==    at 0x4848899: malloc (in /usr/libexec/valgrind/vgpreload_memcheck-amd64-linux.so)
==23279==    by 0x407A77: ft_arr_char_add (in /home/rkost/Project/Rank03/minishell_collab/minishell)
==23279==    by 0x4076C5: ft_arr_char_add_replace_n (in /home/rkost/Project/Rank03/minishell_collab/minishell)
==23279==    by 0x405A92: init_env_vars (in /home/rkost/Project/Rank03/minishell_collab/minishell)
==23279==    by 0x4012E1: main (in /home/rkost/Project/Rank03/minishell_collab/minishell)
==23279== 
==23279== 2,547 bytes in 68 blocks are still reachable in loss record 3 of 3
==23279==    at 0x4848899: malloc (in /usr/libexec/valgrind/vgpreload_memcheck-amd64-linux.so)
==23279==    by 0x4065F9: ft_strdup (in /home/rkost/Project/Rank03/minishell_collab/minishell)
==23279==    by 0x407AB5: ft_arr_char_add (in /home/rkost/Project/Rank03/minishell_collab/minishell)
==23279==    by 0x4076C5: ft_arr_char_add_replace_n (in /home/rkost/Project/Rank03/minishell_collab/minishell)
==23279==    by 0x405A92: init_env_vars (in /home/rkost/Project/Rank03/minishell_collab/minishell)
==23279==    by 0x4012E1: main (in /home/rkost/Project/Rank03/minishell_collab/minishell)
==23279== 
==23279== LEAK SUMMARY:
==23279==    definitely lost: 0 bytes in 0 blocks
==23279==    indirectly lost: 0 bytes in 0 blocks
==23279==      possibly lost: 0 bytes in 0 blocks
==23279==    still reachable: 3,129 bytes in 70 blocks
==23279==         suppressed: 0 bytes in 0 blocks
==23279== 
==23279== For lists of detected and suppressed errors, rerun with: -s
==23279== ERROR SUMMARY: 0 errors from 0 contexts (suppressed: 0 from 0)
