==14813== Memcheck, a memory error detector
==14813== Copyright (C) 2002-2017, and GNU GPL'd, by Julian Seward et al.
==14813== Using Valgrind-3.18.1 and LibVEX; rerun with -h for copyright info
==14813== Command: ./minishell
==14813== Parent PID: 14811
==14813== 
==14813== 
==14813== HEAP SUMMARY:
==14813==     in use at exit: 3,129 bytes in 70 blocks
==14813==   total heap usage: 189 allocs, 119 frees, 8,133 bytes allocated
==14813== 
==14813== 22 bytes in 1 blocks are still reachable in loss record 1 of 3
==14813==    at 0x4848899: malloc (in /usr/libexec/valgrind/vgpreload_memcheck-amd64-linux.so)
==14813==    by 0x406599: ft_strdup (in /home/rkost/Project/Rank03/minishell_collab/minishell)
==14813==    by 0x407AA0: ft_arr_char_add (in /home/rkost/Project/Rank03/minishell_collab/minishell)
==14813==    by 0x407665: ft_arr_char_add_replace_n (in /home/rkost/Project/Rank03/minishell_collab/minishell)
==14813==    by 0x405A32: init_env_vars (in /home/rkost/Project/Rank03/minishell_collab/minishell)
==14813==    by 0x4012E1: main (in /home/rkost/Project/Rank03/minishell_collab/minishell)
==14813== 
==14813== 560 bytes in 1 blocks are still reachable in loss record 2 of 3
==14813==    at 0x4848899: malloc (in /usr/libexec/valgrind/vgpreload_memcheck-amd64-linux.so)
==14813==    by 0x407A17: ft_arr_char_add (in /home/rkost/Project/Rank03/minishell_collab/minishell)
==14813==    by 0x407665: ft_arr_char_add_replace_n (in /home/rkost/Project/Rank03/minishell_collab/minishell)
==14813==    by 0x405A32: init_env_vars (in /home/rkost/Project/Rank03/minishell_collab/minishell)
==14813==    by 0x4012E1: main (in /home/rkost/Project/Rank03/minishell_collab/minishell)
==14813== 
==14813== 2,547 bytes in 68 blocks are still reachable in loss record 3 of 3
==14813==    at 0x4848899: malloc (in /usr/libexec/valgrind/vgpreload_memcheck-amd64-linux.so)
==14813==    by 0x406599: ft_strdup (in /home/rkost/Project/Rank03/minishell_collab/minishell)
==14813==    by 0x407A55: ft_arr_char_add (in /home/rkost/Project/Rank03/minishell_collab/minishell)
==14813==    by 0x407665: ft_arr_char_add_replace_n (in /home/rkost/Project/Rank03/minishell_collab/minishell)
==14813==    by 0x405A32: init_env_vars (in /home/rkost/Project/Rank03/minishell_collab/minishell)
==14813==    by 0x4012E1: main (in /home/rkost/Project/Rank03/minishell_collab/minishell)
==14813== 
==14813== LEAK SUMMARY:
==14813==    definitely lost: 0 bytes in 0 blocks
==14813==    indirectly lost: 0 bytes in 0 blocks
==14813==      possibly lost: 0 bytes in 0 blocks
==14813==    still reachable: 3,129 bytes in 70 blocks
==14813==         suppressed: 0 bytes in 0 blocks
==14813== 
==14813== For lists of detected and suppressed errors, rerun with: -s
==14813== ERROR SUMMARY: 0 errors from 0 contexts (suppressed: 0 from 0)
